old exercise/MyService/app/build/intermediates/manifest_merge_blame_file/debug/manifest-merger-blame-debug-report.txt
1<?xml version="1.0" encoding="utf-8"?>
2<manifest xmlns:android="http://schemas.android.com/apk/res/android"
3    package="com.dicoding.auliarosyida.myservice"
4    android:versionCode="1"
5    android:versionName="1.0" >
6
7    <uses-sdk
8        android:minSdkVersion="21"
8-->src\main\AndroidManifest.xml
9        android:targetSdkVersion="30" />
9-->src\main\AndroidManifest.xml
10
11    <application
11-->src\main\AndroidManifest.xml:5:5-32:19
12        android:allowBackup="true"
12-->src\main\AndroidManifest.xml:6:9-35
13        android:appComponentFactory="androidx.core.app.CoreComponentFactory"
13-->[androidx.core:core:1.3.2] AndroidManifest.xml:24:18-86
14        android:debuggable="true"
15        android:icon="@mipmap/ic_launcher"
15-->src\main\AndroidManifest.xml:7:9-43
16        android:label="@string/app_name"
16-->src\main\AndroidManifest.xml:8:9-41
17        android:roundIcon="@mipmap/ic_launcher_round"
17-->src\main\AndroidManifest.xml:9:9-54
18        android:supportsRtl="true"
18-->src\main\AndroidManifest.xml:10:9-35
19        android:testOnly="true"
20        android:theme="@style/Theme.MyService" >
20-->src\main\AndroidManifest.xml:11:9-47
21        <service
21-->src\main\AndroidManifest.xml:12:9-15:47
22            android:name="com.dicoding.auliarosyida.myservice.MyBoundService"
22-->src\main\AndroidManifest.xml:13:13-43
23            android:enabled="true"
23-->src\main\AndroidManifest.xml:14:13-35
24            android:exported="true" />
24-->src\main\AndroidManifest.xml:15:13-36
25        <service
25-->src\main\AndroidManifest.xml:16:9-19:72
26            android:name="com.dicoding.auliarosyida.myservice.MyJobIntentService"
26-->src\main\AndroidManifest.xml:17:13-47
27            android:exported="false"
27-->src\main\AndroidManifest.xml:18:13-37
28            android:permission="android.permission.BIND_JOB_SERVICE" />
28-->src\main\AndroidManifest.xml:19:13-69
29        <service
29-->src\main\AndroidManifest.xml:20:9-23:39
30            android:name="com.dicoding.auliarosyida.myservice.MyService"
30-->src\main\AndroidManifest.xml:21:13-38
31            android:enabled="true"
31-->src\main\AndroidManifest.xml:22:13-35
32            android:exported="true" />
32-->src\main\AndroidManifest.xml:23:13-36
33
34        <activity android:name="com.dicoding.auliarosyida.myservice.MainActivity" >
34-->src\main\AndroidManifest.xml:25:9-31:20
34-->src\main\AndroidManifest.xml:25:19-47
35            <intent-filter>
35-->src\main\AndroidManifest.xml:26:13-30:29
36                <action android:name="android.intent.action.MAIN" />
36-->src\main\AndroidManifest.xml:27:17-69
36-->src\main\AndroidManifest.xml:27:25-66
37
38                <category android:name="android.intent.category.LAUNCHER" />
38-->src\main\AndroidManifest.xml:29:17-77
38-->src\main\AndroidManifest.xml:29:27-74
39            </intent-filter>
40        </activity>
41    </application>
42
43</manifest>